{"D:\\Work\\cryptovolution\\src\\app.ts": {"path":"D:\\Work\\cryptovolution\\src\\app.ts","statementMap":{"0":{"start":{"line":1,"column":0},"end":{"line":1,"column":52}},"1":{"start":{"line":2,"column":0},"end":{"line":2,"column":36}},"2":{"start":{"line":4,"column":12},"end":{"line":4,"column":21}},"3":{"start":{"line":6,"column":0},"end":{"line":6,"column":null}},"4":{"start":{"line":8,"column":0},"end":{"line":8,"column":null}},"5":{"start":{"line":10,"column":0},"end":{"line":10,"column":null}}},"fnMap":{},"branchMap":{},"s":{"0":1,"1":1,"2":1,"3":1,"4":1,"5":1},"f":{},"b":{}}
,"D:\\Work\\cryptovolution\\src\\Controllers\\TokensController.ts": {"path":"D:\\Work\\cryptovolution\\src\\Controllers\\TokensController.ts","statementMap":{"0":{"start":{"line":2,"column":0},"end":{"line":2,"column":52}},"1":{"start":{"line":4,"column":0},"end":{"line":4,"column":53}},"2":{"start":{"line":5,"column":0},"end":{"line":5,"column":59}},"3":{"start":{"line":9,"column":20},"end":{"line":9,"column":61}},"4":{"start":{"line":11,"column":4},"end":{"line":11,"column":null}},"5":{"start":{"line":15,"column":24},"end":{"line":15,"column":38}},"6":{"start":{"line":16,"column":20},"end":{"line":16,"column":51}},"7":{"start":{"line":18,"column":23},"end":{"line":18,"column":48}},"8":{"start":{"line":20,"column":4},"end":{"line":22,"column":null}},"9":{"start":{"line":21,"column":6},"end":{"line":21,"column":null}},"10":{"start":{"line":24,"column":4},"end":{"line":26,"column":null}},"11":{"start":{"line":25,"column":6},"end":{"line":25,"column":null}},"12":{"start":{"line":28,"column":4},"end":{"line":37,"column":null}},"13":{"start":{"line":29,"column":30},"end":{"line":29,"column":85}},"14":{"start":{"line":30,"column":6},"end":{"line":32,"column":null}},"15":{"start":{"line":31,"column":8},"end":{"line":31,"column":null}},"16":{"start":{"line":34,"column":6},"end":{"line":34,"column":null}},"17":{"start":{"line":36,"column":6},"end":{"line":36,"column":null}},"18":{"start":{"line":41,"column":23},"end":{"line":41,"column":35}},"19":{"start":{"line":42,"column":23},"end":{"line":42,"column":48}},"20":{"start":{"line":44,"column":4},"end":{"line":46,"column":null}},"21":{"start":{"line":45,"column":6},"end":{"line":45,"column":null}},"22":{"start":{"line":48,"column":26},"end":{"line":48,"column":45}},"23":{"start":{"line":50,"column":4},"end":{"line":59,"column":null}},"24":{"start":{"line":51,"column":27},"end":{"line":51,"column":71}},"25":{"start":{"line":52,"column":6},"end":{"line":52,"column":null}},"26":{"start":{"line":54,"column":6},"end":{"line":54,"column":null}},"27":{"start":{"line":56,"column":6},"end":{"line":56,"column":null}},"28":{"start":{"line":58,"column":6},"end":{"line":58,"column":null}},"29":{"start":{"line":63,"column":24},"end":{"line":63,"column":38}},"30":{"start":{"line":64,"column":23},"end":{"line":64,"column":48}},"31":{"start":{"line":66,"column":4},"end":{"line":68,"column":null}},"32":{"start":{"line":67,"column":6},"end":{"line":67,"column":null}},"33":{"start":{"line":70,"column":4},"end":{"line":75,"column":null}},"34":{"start":{"line":71,"column":6},"end":{"line":71,"column":null}},"35":{"start":{"line":72,"column":6},"end":{"line":72,"column":null}},"36":{"start":{"line":74,"column":6},"end":{"line":74,"column":null}},"37":{"start":{"line":7,"column":0},"end":{"line":7,"column":21}}},"fnMap":{"0":{"name":"(anonymous_8)","decl":{"start":{"line":8,"column":8},"end":{"line":8,"column":13}},"loc":{"start":{"line":8,"column":50},"end":{"line":12,"column":null}}},"1":{"name":"(anonymous_10)","decl":{"start":{"line":14,"column":8},"end":{"line":14,"column":11}},"loc":{"start":{"line":14,"column":48},"end":{"line":38,"column":null}}},"2":{"name":"(anonymous_12)","decl":{"start":{"line":40,"column":8},"end":{"line":40,"column":14}},"loc":{"start":{"line":40,"column":51},"end":{"line":60,"column":null}}},"3":{"name":"(anonymous_14)","decl":{"start":{"line":62,"column":8},"end":{"line":62,"column":14}},"loc":{"start":{"line":62,"column":51},"end":{"line":76,"column":null}}}},"branchMap":{"0":{"loc":{"start":{"line":20,"column":4},"end":{"line":22,"column":null}},"type":"if","locations":[{"start":{"line":20,"column":4},"end":{"line":22,"column":null}}]},"1":{"loc":{"start":{"line":24,"column":4},"end":{"line":26,"column":null}},"type":"if","locations":[{"start":{"line":24,"column":4},"end":{"line":26,"column":null}}]},"2":{"loc":{"start":{"line":30,"column":6},"end":{"line":32,"column":null}},"type":"if","locations":[{"start":{"line":30,"column":6},"end":{"line":32,"column":null}}]},"3":{"loc":{"start":{"line":44,"column":4},"end":{"line":46,"column":null}},"type":"if","locations":[{"start":{"line":44,"column":4},"end":{"line":46,"column":null}}]},"4":{"loc":{"start":{"line":66,"column":4},"end":{"line":68,"column":null}},"type":"if","locations":[{"start":{"line":66,"column":4},"end":{"line":68,"column":null}}]}},"s":{"0":1,"1":1,"2":1,"3":1,"4":1,"5":5,"6":5,"7":5,"8":5,"9":3,"10":2,"11":2,"12":2,"13":2,"14":1,"15":0,"16":1,"17":1,"18":7,"19":7,"20":7,"21":3,"22":4,"23":4,"24":4,"25":3,"26":2,"27":1,"28":3,"29":4,"30":4,"31":4,"32":2,"33":2,"34":2,"35":1,"36":1,"37":1},"f":{"0":1,"1":5,"2":7,"3":4},"b":{"0":[3],"1":[2],"2":[0],"3":[3],"4":[2]}}
,"D:\\Work\\cryptovolution\\src\\Database\\database.ts": {"path":"D:\\Work\\cryptovolution\\src\\Database\\database.ts","statementMap":{"0":{"start":{"line":1,"column":0},"end":{"line":1,"column":25}},"1":{"start":{"line":3,"column":17},"end":{"line":6,"column":2}},"2":{"start":{"line":8,"column":0},"end":{"line":8,"column":null}}},"fnMap":{},"branchMap":{},"s":{"0":3,"1":3,"2":3},"f":{},"b":{}}
,"D:\\Work\\cryptovolution\\src\\Repository\\CryptoRepository.ts": {"path":"D:\\Work\\cryptovolution\\src\\Repository\\CryptoRepository.ts","statementMap":{"0":{"start":{"line":1,"column":0},"end":{"line":1,"column":43}},"1":{"start":{"line":16,"column":10},"end":{"line":16,"column":null}},"2":{"start":{"line":19,"column":4},"end":{"line":21,"column":null}},"3":{"start":{"line":25,"column":4},"end":{"line":30,"column":null}},"4":{"start":{"line":34,"column":27},"end":{"line":34,"column":29}},"5":{"start":{"line":36,"column":4},"end":{"line":44,"column":null}},"6":{"start":{"line":37,"column":6},"end":{"line":43,"column":null}},"7":{"start":{"line":38,"column":8},"end":{"line":42,"column":null}},"8":{"start":{"line":46,"column":4},"end":{"line":50,"column":null}},"9":{"start":{"line":54,"column":4},"end":{"line":64,"column":null}},"10":{"start":{"line":68,"column":4},"end":{"line":73,"column":null}},"11":{"start":{"line":77,"column":0},"end":{"line":77,"column":null}}},"fnMap":{"0":{"name":"(anonymous_8)","decl":{"start":{"line":15,"column":0},"end":{"line":15,"column":6}},"loc":{"start":{"line":15,"column":0},"end":{"line":75,"column":1}}},"1":{"name":"(anonymous_9)","decl":{"start":{"line":18,"column":8},"end":{"line":18,"column":14}},"loc":{"start":{"line":18,"column":14},"end":{"line":22,"column":null}}},"2":{"name":"(anonymous_11)","decl":{"start":{"line":24,"column":8},"end":{"line":24,"column":11}},"loc":{"start":{"line":24,"column":27},"end":{"line":31,"column":null}}},"3":{"name":"(anonymous_13)","decl":{"start":{"line":33,"column":8},"end":{"line":33,"column":14}},"loc":{"start":{"line":33,"column":40},"end":{"line":51,"column":null}}},"4":{"name":"(anonymous_15)","decl":{"start":{"line":37,"column":21},"end":{"line":37,"column":22}},"loc":{"start":{"line":37,"column":31},"end":{"line":43,"column":7}}},"5":{"name":"(anonymous_16)","decl":{"start":{"line":53,"column":8},"end":{"line":53,"column":26}},"loc":{"start":{"line":53,"column":62},"end":{"line":65,"column":null}}},"6":{"name":"(anonymous_18)","decl":{"start":{"line":67,"column":8},"end":{"line":67,"column":17}},"loc":{"start":{"line":67,"column":33},"end":{"line":74,"column":null}}}},"branchMap":{"0":{"loc":{"start":{"line":36,"column":4},"end":{"line":44,"column":null}},"type":"if","locations":[{"start":{"line":36,"column":4},"end":{"line":44,"column":null}}]}},"s":{"0":3,"1":0,"2":0,"3":0,"4":0,"5":0,"6":0,"7":0,"8":0,"9":0,"10":0,"11":3},"f":{"0":0,"1":0,"2":0,"3":0,"4":0,"5":0,"6":0},"b":{"0":[0]}}
,"D:\\Work\\cryptovolution\\src\\Routes\\router.ts": {"path":"D:\\Work\\cryptovolution\\src\\Routes\\router.ts","statementMap":{"0":{"start":{"line":1,"column":0},"end":{"line":1,"column":52}},"1":{"start":{"line":2,"column":0},"end":{"line":2,"column":42}},"2":{"start":{"line":4,"column":15},"end":{"line":4,"column":31}},"3":{"start":{"line":6,"column":0},"end":{"line":8,"column":null}},"4":{"start":{"line":7,"column":2},"end":{"line":7,"column":null}},"5":{"start":{"line":9,"column":0},"end":{"line":9,"column":null}},"6":{"start":{"line":11,"column":0},"end":{"line":11,"column":null}}},"fnMap":{"0":{"name":"(anonymous_1)","decl":{"start":{"line":6,"column":16},"end":{"line":6,"column":17}},"loc":{"start":{"line":6,"column":57},"end":{"line":8,"column":1}}}},"branchMap":{},"s":{"0":1,"1":1,"2":1,"3":1,"4":0,"5":1,"6":1},"f":{"0":0},"b":{}}
,"D:\\Work\\cryptovolution\\src\\Routes\\tokens.routes.ts": {"path":"D:\\Work\\cryptovolution\\src\\Routes\\tokens.routes.ts","statementMap":{"0":{"start":{"line":5,"column":0},"end":{"line":5,"column":29}},"1":{"start":{"line":7,"column":0},"end":{"line":7,"column":62}},"2":{"start":{"line":8,"column":0},"end":{"line":8,"column":59}},"3":{"start":{"line":10,"column":21},"end":{"line":10,"column":37}},"4":{"start":{"line":12,"column":25},"end":{"line":12,"column":47}},"5":{"start":{"line":14,"column":0},"end":{"line":14,"column":null}},"6":{"start":{"line":15,"column":0},"end":{"line":15,"column":null}},"7":{"start":{"line":16,"column":0},"end":{"line":16,"column":null}},"8":{"start":{"line":17,"column":0},"end":{"line":17,"column":null}},"9":{"start":{"line":19,"column":0},"end":{"line":19,"column":null}}},"fnMap":{},"branchMap":{},"s":{"0":1,"1":1,"2":1,"3":1,"4":1,"5":1,"6":1,"7":1,"8":1,"9":1},"f":{},"b":{}}
,"D:\\Work\\cryptovolution\\src\\Services\\CoinLayerService.ts": {"path":"D:\\Work\\cryptovolution\\src\\Services\\CoinLayerService.ts","statementMap":{"0":{"start":{"line":1,"column":0},"end":{"line":1,"column":61}},"1":{"start":{"line":2,"column":0},"end":{"line":2,"column":39}},"2":{"start":{"line":3,"column":0},"end":{"line":3,"column":62}},"3":{"start":{"line":12,"column":22},"end":{"line":12,"column":59}},"4":{"start":{"line":13,"column":4},"end":{"line":15,"column":null}},"5":{"start":{"line":14,"column":6},"end":{"line":14,"column":null}},"6":{"start":{"line":17,"column":25},"end":{"line":17,"column":70}},"7":{"start":{"line":17,"column":46},"end":{"line":17,"column":57}},"8":{"start":{"line":19,"column":4},"end":{"line":38,"column":null}},"9":{"start":{"line":20,"column":39},"end":{"line":20,"column":86}},"10":{"start":{"line":22,"column":6},"end":{"line":25,"column":null}},"11":{"start":{"line":23,"column":30},"end":{"line":23,"column":45}},"12":{"start":{"line":24,"column":8},"end":{"line":24,"column":null}},"13":{"start":{"line":27,"column":48},"end":{"line":27,"column":78}},"14":{"start":{"line":29,"column":6},"end":{"line":33,"column":null}},"15":{"start":{"line":30,"column":31},"end":{"line":30,"column":67}},"16":{"start":{"line":32,"column":8},"end":{"line":32,"column":null}},"17":{"start":{"line":35,"column":6},"end":{"line":35,"column":null}},"18":{"start":{"line":37,"column":6},"end":{"line":37,"column":null}},"19":{"start":{"line":42,"column":0},"end":{"line":42,"column":null}}},"fnMap":{"0":{"name":"(anonymous_8)","decl":{"start":{"line":11,"column":8},"end":{"line":11,"column":22}},"loc":{"start":{"line":11,"column":22},"end":{"line":39,"column":null}}},"1":{"name":"(anonymous_10)","decl":{"start":{"line":17,"column":35},"end":{"line":17,"column":36}},"loc":{"start":{"line":17,"column":46},"end":{"line":17,"column":57}}}},"branchMap":{"0":{"loc":{"start":{"line":13,"column":4},"end":{"line":15,"column":null}},"type":"if","locations":[{"start":{"line":13,"column":4},"end":{"line":15,"column":null}}]},"1":{"loc":{"start":{"line":13,"column":8},"end":{"line":13,"column":36}},"type":"binary-expr","locations":[{"start":{"line":13,"column":8},"end":{"line":13,"column":14}},{"start":{"line":13,"column":18},"end":{"line":13,"column":36}}]},"2":{"loc":{"start":{"line":22,"column":6},"end":{"line":25,"column":null}},"type":"if","locations":[{"start":{"line":22,"column":6},"end":{"line":25,"column":null}}]},"3":{"loc":{"start":{"line":22,"column":10},"end":{"line":22,"column":38}},"type":"binary-expr","locations":[{"start":{"line":22,"column":10},"end":{"line":22,"column":19}},{"start":{"line":22,"column":23},"end":{"line":22,"column":38}}]},"4":{"loc":{"start":{"line":24,"column":75},"end":{"line":24,"column":101}},"type":"cond-expr","locations":[{"start":{"line":24,"column":95},"end":{"line":24,"column":97}},{"start":{"line":24,"column":95},"end":{"line":24,"column":101}}]},"5":{"loc":{"start":{"line":24,"column":75},"end":{"line":24,"column":97}},"type":"binary-expr","locations":[{"start":{"line":24,"column":75},"end":{"line":24,"column":97}},{"start":{"line":24,"column":95},"end":{"line":24,"column":97}}]},"6":{"loc":{"start":{"line":24,"column":75},"end":{"line":24,"column":95}},"type":"cond-expr","locations":[{"start":{"line":24,"column":88},"end":{"line":24,"column":90}},{"start":{"line":24,"column":75},"end":{"line":24,"column":95}}]},"7":{"loc":{"start":{"line":24,"column":75},"end":{"line":24,"column":90}},"type":"binary-expr","locations":[{"start":{"line":24,"column":75},"end":{"line":24,"column":90}},{"start":{"line":24,"column":75},"end":{"line":24,"column":90}}]}},"s":{"0":1,"1":1,"2":1,"3":0,"4":0,"5":0,"6":0,"7":0,"8":0,"9":0,"10":0,"11":0,"12":0,"13":0,"14":0,"15":0,"16":0,"17":0,"18":0,"19":1},"f":{"0":0,"1":0},"b":{"0":[0],"1":[0,0],"2":[0],"3":[0,0],"4":[0,0],"5":[0,0],"6":[0,0],"7":[0,0]}}
,"D:\\Work\\cryptovolution\\src\\Services\\CryptoService.ts": {"path":"D:\\Work\\cryptovolution\\src\\Services\\CryptoService.ts","statementMap":{"0":{"start":{"line":1,"column":0},"end":{"line":1,"column":61}},"1":{"start":{"line":4,"column":0},"end":{"line":4,"column":99}},"2":{"start":{"line":19,"column":29},"end":{"line":19,"column":51}},"3":{"start":{"line":21,"column":22},"end":{"line":21,"column":53}},"4":{"start":{"line":23,"column":4},"end":{"line":25,"column":null}},"5":{"start":{"line":24,"column":6},"end":{"line":24,"column":null}},"6":{"start":{"line":27,"column":22},"end":{"line":27,"column":65}},"7":{"start":{"line":27,"column":42},"end":{"line":27,"column":52}},"8":{"start":{"line":29,"column":4},"end":{"line":29,"column":null}},"9":{"start":{"line":29,"column":36},"end":{"line":29,"column":69}},"10":{"start":{"line":38,"column":29},"end":{"line":38,"column":66}},"11":{"start":{"line":40,"column":4},"end":{"line":40,"column":null}},"12":{"start":{"line":40,"column":21},"end":{"line":40,"column":null}},"13":{"start":{"line":42,"column":18},"end":{"line":42,"column":22}},"14":{"start":{"line":44,"column":4},"end":{"line":57,"column":null}},"15":{"start":{"line":45,"column":26},"end":{"line":45,"column":57}},"16":{"start":{"line":46,"column":33},"end":{"line":46,"column":68}},"17":{"start":{"line":48,"column":47},"end":{"line":54,"column":null}},"18":{"start":{"line":56,"column":6},"end":{"line":56,"column":null}},"19":{"start":{"line":67,"column":19},"end":{"line":67,"column":74}},"20":{"start":{"line":69,"column":4},"end":{"line":71,"column":null}},"21":{"start":{"line":70,"column":6},"end":{"line":70,"column":null}},"22":{"start":{"line":73,"column":18},"end":{"line":73,"column":44}},"23":{"start":{"line":75,"column":4},"end":{"line":77,"column":null}},"24":{"start":{"line":76,"column":6},"end":{"line":76,"column":null}},"25":{"start":{"line":79,"column":34},"end":{"line":79,"column":65}},"26":{"start":{"line":81,"column":4},"end":{"line":83,"column":null}},"27":{"start":{"line":93,"column":4},"end":{"line":95,"column":null}},"28":{"start":{"line":94,"column":6},"end":{"line":94,"column":null}},"29":{"start":{"line":97,"column":23},"end":{"line":97,"column":74}},"30":{"start":{"line":98,"column":28},"end":{"line":98,"column":79}},"31":{"start":{"line":100,"column":4},"end":{"line":100,"column":null}},"32":{"start":{"line":109,"column":4},"end":{"line":111,"column":null}},"33":{"start":{"line":110,"column":6},"end":{"line":110,"column":null}},"34":{"start":{"line":113,"column":39},"end":{"line":113,"column":41}},"35":{"start":{"line":115,"column":4},"end":{"line":124,"column":null}},"36":{"start":{"line":115,"column":17},"end":{"line":115,"column":18}},"37":{"start":{"line":116,"column":28},"end":{"line":116,"column":45}},"38":{"start":{"line":117,"column":25},"end":{"line":117,"column":46}},"39":{"start":{"line":119,"column":6},"end":{"line":121,"column":null}},"40":{"start":{"line":120,"column":8},"end":{"line":120,"column":13}},"41":{"start":{"line":123,"column":6},"end":{"line":123,"column":null}},"42":{"start":{"line":126,"column":4},"end":{"line":126,"column":null}},"43":{"start":{"line":135,"column":29},"end":{"line":135,"column":51}},"44":{"start":{"line":136,"column":27},"end":{"line":136,"column":29}},"45":{"start":{"line":138,"column":4},"end":{"line":155,"column":null}},"46":{"start":{"line":139,"column":24},"end":{"line":139,"column":43}},"47":{"start":{"line":141,"column":6},"end":{"line":143,"column":null}},"48":{"start":{"line":142,"column":8},"end":{"line":142,"column":null}},"49":{"start":{"line":145,"column":24},"end":{"line":145,"column":53}},"50":{"start":{"line":147,"column":33},"end":{"line":152,"column":null}},"51":{"start":{"line":154,"column":6},"end":{"line":154,"column":null}},"52":{"start":{"line":157,"column":4},"end":{"line":157,"column":null}},"53":{"start":{"line":166,"column":22},"end":{"line":166,"column":43}},"54":{"start":{"line":167,"column":4},"end":{"line":167,"column":null}},"55":{"start":{"line":171,"column":0},"end":{"line":171,"column":null}}},"fnMap":{"0":{"name":"(anonymous_8)","decl":{"start":{"line":18,"column":8},"end":{"line":18,"column":24}},"loc":{"start":{"line":18,"column":41},"end":{"line":30,"column":null}}},"1":{"name":"(anonymous_10)","decl":{"start":{"line":27,"column":32},"end":{"line":27,"column":33}},"loc":{"start":{"line":27,"column":42},"end":{"line":27,"column":52}}},"2":{"name":"(anonymous_11)","decl":{"start":{"line":29,"column":25},"end":{"line":29,"column":26}},"loc":{"start":{"line":29,"column":36},"end":{"line":29,"column":69}}},"3":{"name":"(anonymous_12)","decl":{"start":{"line":37,"column":8},"end":{"line":37,"column":21}},"loc":{"start":{"line":37,"column":21},"end":{"line":58,"column":null}}},"4":{"name":"(anonymous_14)","decl":{"start":{"line":44,"column":26},"end":{"line":44,"column":27}},"loc":{"start":{"line":44,"column":36},"end":{"line":57,"column":5}}},"5":{"name":"(anonymous_15)","decl":{"start":{"line":66,"column":8},"end":{"line":66,"column":21}},"loc":{"start":{"line":66,"column":60},"end":{"line":85,"column":null}}},"6":{"name":"(anonymous_17)","decl":{"start":{"line":92,"column":2},"end":{"line":92,"column":18}},"loc":{"start":{"line":92,"column":38},"end":{"line":101,"column":3}}},"7":{"name":"(anonymous_18)","decl":{"start":{"line":108,"column":2},"end":{"line":108,"column":21}},"loc":{"start":{"line":108,"column":41},"end":{"line":127,"column":3}}},"8":{"name":"(anonymous_19)","decl":{"start":{"line":134,"column":8},"end":{"line":134,"column":23}},"loc":{"start":{"line":134,"column":40},"end":{"line":158,"column":null}}},"9":{"name":"(anonymous_21)","decl":{"start":{"line":138,"column":19},"end":{"line":138,"column":20}},"loc":{"start":{"line":138,"column":37},"end":{"line":155,"column":5}}},"10":{"name":"(anonymous_22)","decl":{"start":{"line":165,"column":8},"end":{"line":165,"column":20}},"loc":{"start":{"line":165,"column":36},"end":{"line":168,"column":null}}}},"branchMap":{"0":{"loc":{"start":{"line":23,"column":4},"end":{"line":25,"column":null}},"type":"if","locations":[{"start":{"line":23,"column":4},"end":{"line":25,"column":null}}]},"1":{"loc":{"start":{"line":40,"column":4},"end":{"line":40,"column":null}},"type":"if","locations":[{"start":{"line":40,"column":4},"end":{"line":40,"column":null}}]},"2":{"loc":{"start":{"line":69,"column":4},"end":{"line":71,"column":null}},"type":"if","locations":[{"start":{"line":69,"column":4},"end":{"line":71,"column":null}}]},"3":{"loc":{"start":{"line":75,"column":4},"end":{"line":77,"column":null}},"type":"if","locations":[{"start":{"line":75,"column":4},"end":{"line":77,"column":null}}]},"4":{"loc":{"start":{"line":93,"column":4},"end":{"line":95,"column":null}},"type":"if","locations":[{"start":{"line":93,"column":4},"end":{"line":95,"column":null}}]},"5":{"loc":{"start":{"line":93,"column":8},"end":{"line":93,"column":52}},"type":"binary-expr","locations":[{"start":{"line":93,"column":8},"end":{"line":93,"column":23}},{"start":{"line":93,"column":27},"end":{"line":93,"column":52}}]},"6":{"loc":{"start":{"line":109,"column":4},"end":{"line":111,"column":null}},"type":"if","locations":[{"start":{"line":109,"column":4},"end":{"line":111,"column":null}}]},"7":{"loc":{"start":{"line":109,"column":8},"end":{"line":109,"column":52}},"type":"binary-expr","locations":[{"start":{"line":109,"column":8},"end":{"line":109,"column":23}},{"start":{"line":109,"column":27},"end":{"line":109,"column":52}}]},"8":{"loc":{"start":{"line":119,"column":6},"end":{"line":121,"column":null}},"type":"if","locations":[{"start":{"line":119,"column":6},"end":{"line":121,"column":null}}]},"9":{"loc":{"start":{"line":141,"column":6},"end":{"line":143,"column":null}},"type":"if","locations":[{"start":{"line":141,"column":6},"end":{"line":143,"column":null}}]}},"s":{"0":2,"1":2,"2":3,"3":3,"4":3,"5":1,"6":2,"7":4,"8":2,"9":5,"10":2,"11":2,"12":1,"13":1,"14":1,"15":2,"16":2,"17":2,"18":2,"19":5,"20":5,"21":1,"22":4,"23":4,"24":2,"25":4,"26":4,"27":4,"28":1,"29":3,"30":3,"31":3,"32":6,"33":3,"34":3,"35":3,"36":3,"37":9,"38":9,"39":9,"40":3,"41":6,"42":3,"43":2,"44":2,"45":2,"46":3,"47":3,"48":1,"49":2,"50":2,"51":2,"52":1,"53":1,"54":1,"55":2},"f":{"0":3,"1":4,"2":5,"3":2,"4":2,"5":5,"6":4,"7":6,"8":2,"9":3,"10":1},"b":{"0":[1],"1":[1],"2":[1],"3":[2],"4":[1],"5":[4,4],"6":[3],"7":[6,6],"8":[3],"9":[1]}}
,"D:\\Work\\cryptovolution\\src\\Services\\api\\CoinLayer.ts": {"path":"D:\\Work\\cryptovolution\\src\\Services\\api\\CoinLayer.ts","statementMap":{"0":{"start":{"line":1,"column":0},"end":{"line":1,"column":44}},"1":{"start":{"line":5,"column":10},"end":{"line":5,"column":null}},"2":{"start":{"line":9,"column":4},"end":{"line":15,"column":null}},"3":{"start":{"line":23,"column":4},"end":{"line":23,"column":31}},"4":{"start":{"line":23,"column":25},"end":{"line":23,"column":31}},"5":{"start":{"line":25,"column":4},"end":{"line":34,"column":null}},"6":{"start":{"line":26,"column":21},"end":{"line":30,"column":8}},"7":{"start":{"line":31,"column":6},"end":{"line":31,"column":null}},"8":{"start":{"line":33,"column":6},"end":{"line":33,"column":null}},"9":{"start":{"line":38,"column":0},"end":{"line":38,"column":null}}},"fnMap":{"0":{"name":"(anonymous_8)","decl":{"start":{"line":8,"column":2},"end":{"line":8,"column":null}},"loc":{"start":{"line":8,"column":2},"end":{"line":16,"column":3}}},"1":{"name":"(anonymous_9)","decl":{"start":{"line":22,"column":8},"end":{"line":22,"column":19}},"loc":{"start":{"line":22,"column":36},"end":{"line":35,"column":null}}}},"branchMap":{"0":{"loc":{"start":{"line":23,"column":4},"end":{"line":23,"column":31}},"type":"if","locations":[{"start":{"line":23,"column":4},"end":{"line":23,"column":31}}]}},"s":{"0":1,"1":0,"2":0,"3":0,"4":0,"5":0,"6":0,"7":0,"8":0,"9":1},"f":{"0":0,"1":0},"b":{"0":[0]}}
,"D:\\Work\\cryptovolution\\src\\Utils\\tokensHelper.ts": {"path":"D:\\Work\\cryptovolution\\src\\Utils\\tokensHelper.ts","statementMap":{"0":{"start":{"line":4,"column":34},"end":{"line":393,"column":1}},"1":{"start":{"line":5,"column":2},"end":{"line":392,"column":null}},"2":{"start":{"line":4,"column":13},"end":{"line":4,"column":34}},"3":{"start":{"line":400,"column":32},"end":{"line":402,"column":1}},"4":{"start":{"line":401,"column":2},"end":{"line":401,"column":null}},"5":{"start":{"line":400,"column":13},"end":{"line":400,"column":32}},"6":{"start":{"line":409,"column":38},"end":{"line":417,"column":1}},"7":{"start":{"line":410,"column":23},"end":{"line":410,"column":47}},"8":{"start":{"line":412,"column":2},"end":{"line":414,"column":null}},"9":{"start":{"line":413,"column":4},"end":{"line":413,"column":null}},"10":{"start":{"line":416,"column":2},"end":{"line":416,"column":null}},"11":{"start":{"line":409,"column":13},"end":{"line":409,"column":38}},"12":{"start":{"line":425,"column":38},"end":{"line":445,"column":1}},"13":{"start":{"line":426,"column":2},"end":{"line":434,"column":null}},"14":{"start":{"line":427,"column":4},"end":{"line":431,"column":null}},"15":{"start":{"line":428,"column":6},"end":{"line":428,"column":null}},"16":{"start":{"line":429,"column":11},"end":{"line":431,"column":null}},"17":{"start":{"line":430,"column":6},"end":{"line":430,"column":null}},"18":{"start":{"line":433,"column":4},"end":{"line":433,"column":null}},"19":{"start":{"line":435,"column":20},"end":{"line":435,"column":91}},"20":{"start":{"line":436,"column":28},"end":{"line":436,"column":43}},"21":{"start":{"line":438,"column":2},"end":{"line":442,"column":null}},"22":{"start":{"line":439,"column":4},"end":{"line":439,"column":null}},"23":{"start":{"line":440,"column":9},"end":{"line":442,"column":null}},"24":{"start":{"line":441,"column":4},"end":{"line":441,"column":null}},"25":{"start":{"line":444,"column":2},"end":{"line":444,"column":null}},"26":{"start":{"line":425,"column":13},"end":{"line":425,"column":38}},"27":{"start":{"line":452,"column":33},"end":{"line":458,"column":1}},"28":{"start":{"line":453,"column":2},"end":{"line":455,"column":null}},"29":{"start":{"line":454,"column":4},"end":{"line":454,"column":null}},"30":{"start":{"line":457,"column":2},"end":{"line":457,"column":null}},"31":{"start":{"line":452,"column":13},"end":{"line":452,"column":33}}},"fnMap":{"0":{"name":"(anonymous_0)","decl":{"start":{"line":4,"column":34},"end":{"line":4,"column":47}},"loc":{"start":{"line":4,"column":49},"end":{"line":393,"column":1}}},"1":{"name":"(anonymous_1)","decl":{"start":{"line":400,"column":32},"end":{"line":400,"column":33}},"loc":{"start":{"line":400,"column":59},"end":{"line":402,"column":1}}},"2":{"name":"(anonymous_2)","decl":{"start":{"line":409,"column":38},"end":{"line":409,"column":39}},"loc":{"start":{"line":409,"column":64},"end":{"line":417,"column":1}}},"3":{"name":"(anonymous_3)","decl":{"start":{"line":425,"column":38},"end":{"line":425,"column":39}},"loc":{"start":{"line":425,"column":91},"end":{"line":445,"column":1}}},"4":{"name":"(anonymous_4)","decl":{"start":{"line":452,"column":33},"end":{"line":452,"column":34}},"loc":{"start":{"line":452,"column":80},"end":{"line":458,"column":1}}}},"branchMap":{"0":{"loc":{"start":{"line":412,"column":2},"end":{"line":414,"column":null}},"type":"if","locations":[{"start":{"line":412,"column":2},"end":{"line":414,"column":null}}]},"1":{"loc":{"start":{"line":426,"column":2},"end":{"line":434,"column":null}},"type":"if","locations":[{"start":{"line":426,"column":2},"end":{"line":434,"column":null}}]},"2":{"loc":{"start":{"line":426,"column":6},"end":{"line":426,"column":47}},"type":"binary-expr","locations":[{"start":{"line":426,"column":6},"end":{"line":426,"column":24}},{"start":{"line":426,"column":28},"end":{"line":426,"column":47}}]},"3":{"loc":{"start":{"line":427,"column":4},"end":{"line":431,"column":null}},"type":"if","locations":[{"start":{"line":427,"column":4},"end":{"line":431,"column":null}},{"start":{"line":429,"column":11},"end":{"line":431,"column":null}}]},"4":{"loc":{"start":{"line":429,"column":11},"end":{"line":431,"column":null}},"type":"if","locations":[{"start":{"line":429,"column":11},"end":{"line":431,"column":null}}]},"5":{"loc":{"start":{"line":438,"column":2},"end":{"line":442,"column":null}},"type":"if","locations":[{"start":{"line":438,"column":2},"end":{"line":442,"column":null}},{"start":{"line":440,"column":9},"end":{"line":442,"column":null}}]},"6":{"loc":{"start":{"line":440,"column":9},"end":{"line":442,"column":null}},"type":"if","locations":[{"start":{"line":440,"column":9},"end":{"line":442,"column":null}}]},"7":{"loc":{"start":{"line":453,"column":2},"end":{"line":455,"column":null}},"type":"if","locations":[{"start":{"line":453,"column":2},"end":{"line":455,"column":null}}]},"8":{"loc":{"start":{"line":457,"column":9},"end":{"line":457,"column":53}},"type":"cond-expr","locations":[{"start":{"line":457,"column":23},"end":{"line":457,"column":25}},{"start":{"line":457,"column":28},"end":{"line":457,"column":53}}]}},"s":{"0":4,"1":7,"2":4,"3":4,"4":6,"5":4,"6":4,"7":3,"8":3,"9":1,"10":3,"11":4,"12":4,"13":15,"14":3,"15":1,"16":2,"17":1,"18":1,"19":12,"20":12,"21":12,"22":10,"23":2,"24":1,"25":12,"26":4,"27":4,"28":6,"29":1,"30":6,"31":4},"f":{"0":7,"1":6,"2":3,"3":15,"4":6},"b":{"0":[1],"1":[3],"2":[15,12],"3":[1,2],"4":[1],"5":[10,2],"6":[1],"7":[1],"8":[2,4]}}
,"D:\\Work\\cryptovolution\\src\\Validators\\TokensValidator.ts": {"path":"D:\\Work\\cryptovolution\\src\\Validators\\TokensValidator.ts","statementMap":{"0":{"start":{"line":1,"column":0},"end":{"line":1,"column":54}},"1":{"start":{"line":7,"column":4},"end":{"line":10,"column":null}},"2":{"start":{"line":14,"column":4},"end":{"line":14,"column":null}},"3":{"start":{"line":18,"column":4},"end":{"line":18,"column":null}},"4":{"start":{"line":4,"column":17},"end":{"line":4,"column":null}},"5":{"start":{"line":22,"column":0},"end":{"line":22,"column":null}}},"fnMap":{"0":{"name":"(anonymous_0)","decl":{"start":{"line":6,"column":2},"end":{"line":6,"column":8}},"loc":{"start":{"line":6,"column":12},"end":{"line":11,"column":3}}},"1":{"name":"(anonymous_1)","decl":{"start":{"line":13,"column":2},"end":{"line":13,"column":8}},"loc":{"start":{"line":13,"column":15},"end":{"line":15,"column":3}}},"2":{"name":"(anonymous_2)","decl":{"start":{"line":17,"column":2},"end":{"line":17,"column":8}},"loc":{"start":{"line":17,"column":15},"end":{"line":19,"column":3}}}},"branchMap":{},"s":{"0":1,"1":1,"2":1,"3":1,"4":1,"5":1},"f":{"0":1,"1":1,"2":1},"b":{}}
}
