TN:
SF:src\app.ts
FNF:0
FNH:0
DA:1,1
DA:2,1
DA:4,1
DA:6,1
DA:8,1
DA:10,1
LF:6
LH:6
BRF:0
BRH:0
end_of_record
TN:
SF:src\Controllers\TokensController.ts
FN:8,(anonymous_8)
FN:14,(anonymous_10)
FN:40,(anonymous_12)
FN:62,(anonymous_14)
FNF:4
FNH:4
FNDA:1,(anonymous_8)
FNDA:5,(anonymous_10)
FNDA:7,(anonymous_12)
FNDA:4,(anonymous_14)
DA:2,1
DA:4,1
DA:5,1
DA:7,1
DA:9,1
DA:11,1
DA:15,5
DA:16,5
DA:18,5
DA:20,5
DA:21,3
DA:24,2
DA:25,2
DA:28,2
DA:29,2
DA:30,1
DA:31,0
DA:34,1
DA:36,1
DA:41,7
DA:42,7
DA:44,7
DA:45,3
DA:48,4
DA:50,4
DA:51,4
DA:52,3
DA:54,2
DA:56,1
DA:58,3
DA:63,4
DA:64,4
DA:66,4
DA:67,2
DA:70,2
DA:71,2
DA:72,1
DA:74,1
LF:38
LH:37
BRDA:20,0,0,3
BRDA:24,1,0,2
BRDA:30,2,0,0
BRDA:44,3,0,3
BRDA:66,4,0,2
BRF:5
BRH:4
end_of_record
TN:
SF:src\Database\database.ts
FNF:0
FNH:0
DA:1,3
DA:3,3
DA:8,3
LF:3
LH:3
BRF:0
BRH:0
end_of_record
TN:
SF:src\Repository\CryptoRepository.ts
FN:15,(anonymous_8)
FN:18,(anonymous_9)
FN:24,(anonymous_11)
FN:33,(anonymous_13)
FN:37,(anonymous_15)
FN:53,(anonymous_16)
FN:67,(anonymous_18)
FNF:7
FNH:0
FNDA:0,(anonymous_8)
FNDA:0,(anonymous_9)
FNDA:0,(anonymous_11)
FNDA:0,(anonymous_13)
FNDA:0,(anonymous_15)
FNDA:0,(anonymous_16)
FNDA:0,(anonymous_18)
DA:1,3
DA:16,0
DA:19,0
DA:25,0
DA:34,0
DA:36,0
DA:37,0
DA:38,0
DA:46,0
DA:54,0
DA:68,0
DA:77,3
LF:12
LH:2
BRDA:36,0,0,0
BRF:1
BRH:0
end_of_record
TN:
SF:src\Routes\router.ts
FN:6,(anonymous_1)
FNF:1
FNH:0
FNDA:0,(anonymous_1)
DA:1,1
DA:2,1
DA:4,1
DA:6,1
DA:7,0
DA:9,1
DA:11,1
LF:7
LH:6
BRF:0
BRH:0
end_of_record
TN:
SF:src\Routes\tokens.routes.ts
FNF:0
FNH:0
DA:5,1
DA:7,1
DA:8,1
DA:10,1
DA:12,1
DA:14,1
DA:15,1
DA:16,1
DA:17,1
DA:19,1
LF:10
LH:10
BRF:0
BRH:0
end_of_record
TN:
SF:src\Services\CoinLayerService.ts
FN:11,(anonymous_8)
FN:17,(anonymous_10)
FNF:2
FNH:0
FNDA:0,(anonymous_8)
FNDA:0,(anonymous_10)
DA:1,1
DA:2,1
DA:3,1
DA:12,0
DA:13,0
DA:14,0
DA:17,0
DA:19,0
DA:20,0
DA:22,0
DA:23,0
DA:24,0
DA:27,0
DA:29,0
DA:30,0
DA:32,0
DA:35,0
DA:37,0
DA:42,1
LF:19
LH:4
BRDA:13,0,0,0
BRDA:13,1,0,0
BRDA:13,1,1,0
BRDA:22,2,0,0
BRDA:22,3,0,0
BRDA:22,3,1,0
BRDA:24,4,0,0
BRDA:24,4,1,0
BRDA:24,5,0,0
BRDA:24,5,1,0
BRDA:24,6,0,0
BRDA:24,6,1,0
BRDA:24,7,0,0
BRDA:24,7,1,0
BRF:14
BRH:0
end_of_record
TN:
SF:src\Services\CryptoService.ts
FN:18,(anonymous_8)
FN:27,(anonymous_10)
FN:29,(anonymous_11)
FN:37,(anonymous_12)
FN:44,(anonymous_14)
FN:66,(anonymous_15)
FN:92,(anonymous_17)
FN:108,(anonymous_18)
FN:134,(anonymous_19)
FN:138,(anonymous_21)
FN:165,(anonymous_22)
FNF:11
FNH:11
FNDA:3,(anonymous_8)
FNDA:4,(anonymous_10)
FNDA:5,(anonymous_11)
FNDA:2,(anonymous_12)
FNDA:2,(anonymous_14)
FNDA:5,(anonymous_15)
FNDA:4,(anonymous_17)
FNDA:6,(anonymous_18)
FNDA:2,(anonymous_19)
FNDA:3,(anonymous_21)
FNDA:1,(anonymous_22)
DA:1,2
DA:4,2
DA:19,3
DA:21,3
DA:23,3
DA:24,1
DA:27,4
DA:29,5
DA:38,2
DA:40,2
DA:42,1
DA:44,1
DA:45,2
DA:46,2
DA:48,2
DA:56,2
DA:67,5
DA:69,5
DA:70,1
DA:73,4
DA:75,4
DA:76,2
DA:79,4
DA:81,4
DA:93,4
DA:94,1
DA:97,3
DA:98,3
DA:100,3
DA:109,6
DA:110,3
DA:113,3
DA:115,3
DA:116,9
DA:117,9
DA:119,9
DA:120,3
DA:123,6
DA:126,3
DA:135,2
DA:136,2
DA:138,2
DA:139,3
DA:141,3
DA:142,1
DA:145,2
DA:147,2
DA:154,2
DA:157,1
DA:166,1
DA:167,1
DA:171,2
LF:52
LH:52
BRDA:23,0,0,1
BRDA:40,1,0,1
BRDA:69,2,0,1
BRDA:75,3,0,2
BRDA:93,4,0,1
BRDA:93,5,0,4
BRDA:93,5,1,4
BRDA:109,6,0,3
BRDA:109,7,0,6
BRDA:109,7,1,6
BRDA:119,8,0,3
BRDA:141,9,0,1
BRF:12
BRH:12
end_of_record
TN:
SF:src\Services\api\CoinLayer.ts
FN:8,(anonymous_8)
FN:22,(anonymous_9)
FNF:2
FNH:0
FNDA:0,(anonymous_8)
FNDA:0,(anonymous_9)
DA:1,1
DA:5,0
DA:9,0
DA:23,0
DA:25,0
DA:26,0
DA:31,0
DA:33,0
DA:38,1
LF:9
LH:2
BRDA:23,0,0,0
BRF:1
BRH:0
end_of_record
TN:
SF:src\Utils\tokensHelper.ts
FN:4,(anonymous_0)
FN:400,(anonymous_1)
FN:409,(anonymous_2)
FN:425,(anonymous_3)
FN:452,(anonymous_4)
FNF:5
FNH:5
FNDA:7,(anonymous_0)
FNDA:6,(anonymous_1)
FNDA:3,(anonymous_2)
FNDA:15,(anonymous_3)
FNDA:6,(anonymous_4)
DA:4,4
DA:5,7
DA:400,4
DA:401,6
DA:409,4
DA:410,3
DA:412,3
DA:413,1
DA:416,3
DA:425,4
DA:426,15
DA:427,3
DA:428,1
DA:429,2
DA:430,1
DA:433,1
DA:435,12
DA:436,12
DA:438,12
DA:439,10
DA:440,2
DA:441,1
DA:444,12
DA:452,4
DA:453,6
DA:454,1
DA:457,6
LF:27
LH:27
BRDA:412,0,0,1
BRDA:426,1,0,3
BRDA:426,2,0,15
BRDA:426,2,1,12
BRDA:427,3,0,1
BRDA:427,3,1,2
BRDA:429,4,0,1
BRDA:438,5,0,10
BRDA:438,5,1,2
BRDA:440,6,0,1
BRDA:453,7,0,1
BRDA:457,8,0,2
BRDA:457,8,1,4
BRF:13
BRH:13
end_of_record
TN:
SF:src\Validators\TokensValidator.ts
FN:6,(anonymous_0)
FN:13,(anonymous_1)
FN:17,(anonymous_2)
FNF:3
FNH:3
FNDA:1,(anonymous_0)
FNDA:1,(anonymous_1)
FNDA:1,(anonymous_2)
DA:1,1
DA:4,1
DA:7,1
DA:14,1
DA:18,1
DA:22,1
LF:6
LH:6
BRF:0
BRH:0
end_of_record
